<?xml version="1.0" encoding="UTF-8"?>
<testsuite name="net.kevinmendoza.sedimentarysequences.stratigraphy.LayerTest" tests="2" skipped="0" failures="0" errors="0" timestamp="2018-03-21T15:58:04" hostname="Kevins-MBP.domain" time="0.019">
  <properties/>
  <testcase name="testGetData()" classname="net.kevinmendoza.sedimentarysequences.stratigraphy.LayerTest" time="0.016"/>
  <testcase name="testGetThickness()" classname="net.kevinmendoza.sedimentarysequences.stratigraphy.LayerTest" time="0.001"/>
  <system-out><![CDATA[]]></system-out>
  <system-err><![CDATA[]]></system-err>
</testsuite>
